[Mon May 06 16:28:43.475769 2024] [ssl:warn] [pid 24100:tid 424] AH01909: www.example.com:443:0 server certificate does NOT include an ID which matches the server name
[Mon May 06 16:28:43.509110 2024] [ssl:warn] [pid 24100:tid 424] AH01909: www.example.com:443:0 server certificate does NOT include an ID which matches the server name
[Mon May 06 16:28:43.535039 2024] [mpm_winnt:notice] [pid 24100:tid 424] AH00455: Apache/2.4.58 (Win64) OpenSSL/3.1.3 PHP/8.0.30 configured -- resuming normal operations
[Mon May 06 16:28:43.535039 2024] [mpm_winnt:notice] [pid 24100:tid 424] AH00456: Apache Lounge VS17 Server built: Oct 18 2023 13:03:18
[Mon May 06 16:28:43.535039 2024] [core:notice] [pid 24100:tid 424] AH00094: Command line: 'D:\\XAMPP\\apache\\bin\\httpd.exe -d D:/XAMPP/apache'
[Mon May 06 16:28:43.541143 2024] [mpm_winnt:notice] [pid 24100:tid 424] AH00418: Parent: Created child process 18000
[Mon May 06 16:28:43.995740 2024] [ssl:warn] [pid 18000:tid 412] AH01909: www.example.com:443:0 server certificate does NOT include an ID which matches the server name
[Mon May 06 16:28:44.026229 2024] [ssl:warn] [pid 18000:tid 412] AH01909: www.example.com:443:0 server certificate does NOT include an ID which matches the server name
[Mon May 06 16:28:44.050875 2024] [mpm_winnt:notice] [pid 18000:tid 412] AH00354: Child: Starting 150 worker threads.
[Tue May 07 16:48:41.908944 2024] [ssl:warn] [pid 23292:tid 356] AH01909: www.example.com:443:0 server certificate does NOT include an ID which matches the server name
[Tue May 07 16:48:41.934636 2024] [ssl:warn] [pid 23292:tid 356] AH01909: www.example.com:443:0 server certificate does NOT include an ID which matches the server name
[Tue May 07 16:48:42.194905 2024] [mpm_winnt:notice] [pid 23292:tid 356] AH00455: Apache/2.4.58 (Win64) OpenSSL/3.1.3 PHP/8.0.30 configured -- resuming normal operations
[Tue May 07 16:48:42.194905 2024] [mpm_winnt:notice] [pid 23292:tid 356] AH00456: Apache Lounge VS17 Server built: Oct 18 2023 13:03:18
[Tue May 07 16:48:42.194905 2024] [core:notice] [pid 23292:tid 356] AH00094: Command line: 'd:\\xampp\\apache\\bin\\httpd.exe -d D:/XAMPP/apache'
[Tue May 07 16:48:42.197895 2024] [mpm_winnt:notice] [pid 23292:tid 356] AH00418: Parent: Created child process 3492
[Tue May 07 16:48:42.502524 2024] [ssl:warn] [pid 3492:tid 364] AH01909: www.example.com:443:0 server certificate does NOT include an ID which matches the server name
[Tue May 07 16:48:42.522117 2024] [ssl:warn] [pid 3492:tid 364] AH01909: www.example.com:443:0 server certificate does NOT include an ID which matches the server name
[Tue May 07 16:48:42.536797 2024] [mpm_winnt:notice] [pid 3492:tid 364] AH00354: Child: Starting 150 worker threads.
[Tue May 07 16:51:09.858298 2024] [php:error] [pid 3492:tid 1876] [client ::1:63639] script 'D:/XAMPP/htdocs/elder/admin_dashboard/userauth.php' not found or unable to stat, referer: http://localhost/elder/admin_dashboard/dashboard.php
[Tue May 07 17:14:31.091555 2024] [php:error] [pid 3492:tid 1852] [client ::1:59002] PHP Fatal error:  Uncaught Error: Call to undefined function getUserInitials() in D:\\XAMPP\\htdocs\\elder\\admin_dashboard\\Log Monitor\\Log_Monitor_Main_Page.php:36\nStack trace:\n#0 {main}\n  thrown in D:\\XAMPP\\htdocs\\elder\\admin_dashboard\\Log Monitor\\Log_Monitor_Main_Page.php on line 36, referer: http://localhost/elder/admin_dashboard/Log%20Monitor/
[Tue May 07 17:15:32.008614 2024] [php:error] [pid 3492:tid 1852] [client ::1:59041] PHP Fatal error:  Uncaught Error: Call to undefined function getUserInitials() in D:\\XAMPP\\htdocs\\elder\\admin_dashboard\\Log Monitor\\Log_Monitor_Main_Page.php:37\nStack trace:\n#0 {main}\n  thrown in D:\\XAMPP\\htdocs\\elder\\admin_dashboard\\Log Monitor\\Log_Monitor_Main_Page.php on line 37, referer: http://localhost/elder/admin_dashboard/Log%20Monitor/
[Tue May 07 17:17:43.848206 2024] [php:error] [pid 3492:tid 1852] [client ::1:59165] PHP Fatal error:  Uncaught Error: Call to undefined function getUserInitials() in D:\\XAMPP\\htdocs\\elder\\admin_dashboard\\Log Monitor\\Log_Monitor_Main_Page.php:37\nStack trace:\n#0 {main}\n  thrown in D:\\XAMPP\\htdocs\\elder\\admin_dashboard\\Log Monitor\\Log_Monitor_Main_Page.php on line 37, referer: http://localhost/elder/admin_dashboard/Log%20Monitor/
[Tue May 07 17:17:44.513309 2024] [php:error] [pid 3492:tid 1876] [client ::1:59167] PHP Fatal error:  Uncaught Error: Call to undefined function getUserInitials() in D:\\XAMPP\\htdocs\\elder\\admin_dashboard\\Log Monitor\\Log_Monitor_Main_Page.php:37\nStack trace:\n#0 {main}\n  thrown in D:\\XAMPP\\htdocs\\elder\\admin_dashboard\\Log Monitor\\Log_Monitor_Main_Page.php on line 37, referer: http://localhost/elder/admin_dashboard/Log%20Monitor/
[Tue May 07 17:17:44.983138 2024] [php:error] [pid 3492:tid 1876] [client ::1:59167] PHP Fatal error:  Uncaught Error: Call to undefined function getUserInitials() in D:\\XAMPP\\htdocs\\elder\\admin_dashboard\\Log Monitor\\Log_Monitor_Main_Page.php:37\nStack trace:\n#0 {main}\n  thrown in D:\\XAMPP\\htdocs\\elder\\admin_dashboard\\Log Monitor\\Log_Monitor_Main_Page.php on line 37, referer: http://localhost/elder/admin_dashboard/Log%20Monitor/
[Tue May 07 17:17:59.818660 2024] [php:error] [pid 3492:tid 1852] [client ::1:59222] PHP Fatal error:  Uncaught Error: Call to undefined function getUserInitials() in D:\\XAMPP\\htdocs\\elder\\admin_dashboard\\Log Monitor\\Log_Monitor_Main_Page.php:37\nStack trace:\n#0 {main}\n  thrown in D:\\XAMPP\\htdocs\\elder\\admin_dashboard\\Log Monitor\\Log_Monitor_Main_Page.php on line 37, referer: http://localhost/elder/admin_dashboard/Log%20Monitor/
[Tue May 07 17:18:18.656146 2024] [php:error] [pid 3492:tid 1852] [client ::1:59267] PHP Fatal error:  Uncaught Error: Call to undefined function getUserInitials() in D:\\XAMPP\\htdocs\\elder\\admin_dashboard\\Log Monitor\\Log_Monitor_Main_Page.php:38\nStack trace:\n#0 {main}\n  thrown in D:\\XAMPP\\htdocs\\elder\\admin_dashboard\\Log Monitor\\Log_Monitor_Main_Page.php on line 38, referer: http://localhost/elder/admin_dashboard/Log%20Monitor/
[Tue May 07 17:18:25.829563 2024] [php:error] [pid 3492:tid 1868] [client ::1:59286] PHP Fatal error:  Uncaught Error: Call to undefined function getUserInitials() in D:\\XAMPP\\htdocs\\elder\\admin_dashboard\\Log Monitor\\Log_Monitor_Main_Page.php:38\nStack trace:\n#0 {main}\n  thrown in D:\\XAMPP\\htdocs\\elder\\admin_dashboard\\Log Monitor\\Log_Monitor_Main_Page.php on line 38, referer: http://localhost/elder/admin_dashboard/Log%20Monitor/
[Tue May 07 17:19:09.642759 2024] [php:error] [pid 3492:tid 1852] [client ::1:59317] PHP Fatal error:  Uncaught Error: Call to undefined function getUserInitials() in D:\\XAMPP\\htdocs\\elder\\admin_dashboard\\Log Monitor\\Log_Monitor_Main_Page.php:39\nStack trace:\n#0 {main}\n  thrown in D:\\XAMPP\\htdocs\\elder\\admin_dashboard\\Log Monitor\\Log_Monitor_Main_Page.php on line 39, referer: http://localhost/elder/admin_dashboard/Log%20Monitor/
[Tue May 07 17:19:30.130692 2024] [php:error] [pid 3492:tid 1860] [client ::1:59353] script 'D:/XAMPP/htdocs/elder/admin_dashboard/userauth.php' not found or unable to stat, referer: http://localhost/elder/admin_dashboard/dashboard.php
[Tue May 07 17:20:43.264106 2024] [php:error] [pid 3492:tid 1860] [client ::1:59435] PHP Fatal error:  Uncaught Error: Call to undefined function getUserInitials() in D:\\XAMPP\\htdocs\\elder\\admin_dashboard\\Log Monitor\\Log_Monitor_Main_Page.php:39\nStack trace:\n#0 {main}\n  thrown in D:\\XAMPP\\htdocs\\elder\\admin_dashboard\\Log Monitor\\Log_Monitor_Main_Page.php on line 39, referer: http://localhost/elder/admin_dashboard/dashboard.php
[Wed May 08 19:40:33.495122 2024] [ssl:warn] [pid 16708:tid 284] AH01909: www.example.com:443:0 server certificate does NOT include an ID which matches the server name
[Wed May 08 19:40:33.516618 2024] [core:warn] [pid 16708:tid 284] AH00098: pid file D:/XAMPP/apache/logs/httpd.pid overwritten -- Unclean shutdown of previous Apache run?
[Wed May 08 19:40:33.517576 2024] [ssl:warn] [pid 16708:tid 284] AH01909: www.example.com:443:0 server certificate does NOT include an ID which matches the server name
[Wed May 08 19:40:33.784538 2024] [mpm_winnt:notice] [pid 16708:tid 284] AH00455: Apache/2.4.58 (Win64) OpenSSL/3.1.3 PHP/8.0.30 configured -- resuming normal operations
[Wed May 08 19:40:33.784538 2024] [mpm_winnt:notice] [pid 16708:tid 284] AH00456: Apache Lounge VS17 Server built: Oct 18 2023 13:03:18
[Wed May 08 19:40:33.784538 2024] [core:notice] [pid 16708:tid 284] AH00094: Command line: 'd:\\xampp\\apache\\bin\\httpd.exe -d D:/XAMPP/apache'
[Wed May 08 19:40:33.787459 2024] [mpm_winnt:notice] [pid 16708:tid 284] AH00418: Parent: Created child process 10184
[Wed May 08 19:40:33.998533 2024] [ssl:warn] [pid 10184:tid 368] AH01909: www.example.com:443:0 server certificate does NOT include an ID which matches the server name
[Wed May 08 19:40:34.017598 2024] [ssl:warn] [pid 10184:tid 368] AH01909: www.example.com:443:0 server certificate does NOT include an ID which matches the server name
[Wed May 08 19:40:34.034596 2024] [mpm_winnt:notice] [pid 10184:tid 368] AH00354: Child: Starting 150 worker threads.
[Wed May 08 19:44:23.487416 2024] [php:error] [pid 10184:tid 1880] [client ::1:61118] PHP Fatal error:  Uncaught Error: Call to undefined function getUserInitials() in D:\\XAMPP\\htdocs\\elder\\admin_dashboard\\Log Monitor\\Log_Monitor_Main_Page.php:39\nStack trace:\n#0 {main}\n  thrown in D:\\XAMPP\\htdocs\\elder\\admin_dashboard\\Log Monitor\\Log_Monitor_Main_Page.php on line 39, referer: http://localhost/elder/admin_dashboard/dashboard.php
[Wed May 08 20:31:36.270998 2024] [php:error] [pid 10184:tid 1892] [client ::1:64746] script 'D:/XAMPP/htdocs/elder/admin_dashboard/Log Monitor/Log_Monitor.php' not found or unable to stat, referer: http://localhost/elder/admin_dashboard/Log%20Monitor/Log_Monitor_Main_Page.php
[Fri May 10 00:15:33.456726 2024] [ssl:warn] [pid 26812:tid 380] AH01909: www.example.com:443:0 server certificate does NOT include an ID which matches the server name
[Fri May 10 00:15:33.477042 2024] [core:warn] [pid 26812:tid 380] AH00098: pid file D:/XAMPP/apache/logs/httpd.pid overwritten -- Unclean shutdown of previous Apache run?
[Fri May 10 00:15:33.478057 2024] [ssl:warn] [pid 26812:tid 380] AH01909: www.example.com:443:0 server certificate does NOT include an ID which matches the server name
[Fri May 10 00:15:33.512626 2024] [mpm_winnt:notice] [pid 26812:tid 380] AH00455: Apache/2.4.58 (Win64) OpenSSL/3.1.3 PHP/8.0.30 configured -- resuming normal operations
[Fri May 10 00:15:33.512626 2024] [mpm_winnt:notice] [pid 26812:tid 380] AH00456: Apache Lounge VS17 Server built: Oct 18 2023 13:03:18
[Fri May 10 00:15:33.512626 2024] [core:notice] [pid 26812:tid 380] AH00094: Command line: 'd:\\xampp\\apache\\bin\\httpd.exe -d D:/XAMPP/apache'
[Fri May 10 00:15:33.516133 2024] [mpm_winnt:notice] [pid 26812:tid 380] AH00418: Parent: Created child process 4932
[Fri May 10 00:15:33.852083 2024] [ssl:warn] [pid 4932:tid 400] AH01909: www.example.com:443:0 server certificate does NOT include an ID which matches the server name
[Fri May 10 00:15:33.871622 2024] [ssl:warn] [pid 4932:tid 400] AH01909: www.example.com:443:0 server certificate does NOT include an ID which matches the server name
[Fri May 10 00:15:33.887045 2024] [mpm_winnt:notice] [pid 4932:tid 400] AH00354: Child: Starting 150 worker threads.
[Fri May 10 00:30:28.779825 2024] [php:error] [pid 4932:tid 1852] [client ::1:63970] script 'D:/XAMPP/htdocs/elder/admin_dashboard/Log Monitor/Log_Monitor.php' not found or unable to stat, referer: http://localhost/elder/admin_dashboard/Log%20Monitor/Log_Monitor_Main_Page.php
[Fri May 10 00:30:42.129359 2024] [php:error] [pid 4932:tid 1852] [client ::1:63986] script 'D:/XAMPP/htdocs/elder/admin_dashboard/Log Monitor/Log_Monitor.php' not found or unable to stat, referer: http://localhost/elder/admin_dashboard/Log%20Monitor/Log_Monitor_Main_Page.php
[Fri May 10 21:51:11.672885 2024] [ssl:warn] [pid 25928:tid 356] AH01909: www.example.com:443:0 server certificate does NOT include an ID which matches the server name
[Fri May 10 21:51:11.695026 2024] [core:warn] [pid 25928:tid 356] AH00098: pid file D:/XAMPP/apache/logs/httpd.pid overwritten -- Unclean shutdown of previous Apache run?
[Fri May 10 21:51:11.697221 2024] [ssl:warn] [pid 25928:tid 356] AH01909: www.example.com:443:0 server certificate does NOT include an ID which matches the server name
[Fri May 10 21:51:11.976082 2024] [mpm_winnt:notice] [pid 25928:tid 356] AH00455: Apache/2.4.58 (Win64) OpenSSL/3.1.3 PHP/8.0.30 configured -- resuming normal operations
[Fri May 10 21:51:11.976082 2024] [mpm_winnt:notice] [pid 25928:tid 356] AH00456: Apache Lounge VS17 Server built: Oct 18 2023 13:03:18
[Fri May 10 21:51:11.976082 2024] [core:notice] [pid 25928:tid 356] AH00094: Command line: 'd:\\xampp\\apache\\bin\\httpd.exe -d D:/XAMPP/apache'
[Fri May 10 21:51:11.978549 2024] [mpm_winnt:notice] [pid 25928:tid 356] AH00418: Parent: Created child process 17168
[Fri May 10 21:51:12.189450 2024] [ssl:warn] [pid 17168:tid 376] AH01909: www.example.com:443:0 server certificate does NOT include an ID which matches the server name
[Fri May 10 21:51:12.209271 2024] [ssl:warn] [pid 17168:tid 376] AH01909: www.example.com:443:0 server certificate does NOT include an ID which matches the server name
[Fri May 10 21:51:12.224841 2024] [mpm_winnt:notice] [pid 17168:tid 376] AH00354: Child: Starting 150 worker threads.
[Fri May 10 21:51:39.436038 2024] [php:warn] [pid 17168:tid 1892] [client ::1:49267] PHP Warning:  mysqli_connect(): (HY000/2002): No connection could be made because the target machine actively refused it in D:\\XAMPP\\htdocs\\elder\\login\\itlogin.php on line 6, referer: http://localhost/elder/login/frontlogin.html
[Fri May 10 21:51:39.436038 2024] [php:warn] [pid 17168:tid 1892] [client ::1:49267] PHP Warning:  Attempt to read property "connect_error" on bool in D:\\XAMPP\\htdocs\\elder\\login\\itlogin.php on line 9, referer: http://localhost/elder/login/frontlogin.html
[Fri May 10 21:51:39.436038 2024] [php:error] [pid 17168:tid 1892] [client ::1:49267] PHP Fatal error:  Uncaught Error: Call to a member function close() on bool in D:\\XAMPP\\htdocs\\elder\\login\\itlogin.php:42\nStack trace:\n#0 {main}\n  thrown in D:\\XAMPP\\htdocs\\elder\\login\\itlogin.php on line 42, referer: http://localhost/elder/login/frontlogin.html
[Fri May 10 21:55:05.239040 2024] [php:error] [pid 17168:tid 1896] [client ::1:57367] script 'D:/XAMPP/htdocs/elder/admin_dashboard/Log Monitor/userauth.php' not found or unable to stat, referer: http://localhost/elder/admin_dashboard/Log%20Monitor/Log_Monitor_Main_Page.php
[Fri May 10 21:55:08.870764 2024] [php:error] [pid 17168:tid 1896] [client ::1:57367] script 'D:/XAMPP/htdocs/elder/admin_dashboard/Log Monitor/userauth.php' not found or unable to stat, referer: http://localhost/elder/admin_dashboard/Log%20Monitor/Log_Monitor_Main_Page.php
[Sat May 11 19:57:25.588780 2024] [ssl:warn] [pid 9432:tid 400] AH01909: www.example.com:443:0 server certificate does NOT include an ID which matches the server name
[Sat May 11 19:57:25.612231 2024] [core:warn] [pid 9432:tid 400] AH00098: pid file D:/XAMPP/apache/logs/httpd.pid overwritten -- Unclean shutdown of previous Apache run?
[Sat May 11 19:57:25.614623 2024] [ssl:warn] [pid 9432:tid 400] AH01909: www.example.com:443:0 server certificate does NOT include an ID which matches the server name
[Sat May 11 19:57:25.889491 2024] [mpm_winnt:notice] [pid 9432:tid 400] AH00455: Apache/2.4.58 (Win64) OpenSSL/3.1.3 PHP/8.0.30 configured -- resuming normal operations
[Sat May 11 19:57:25.889491 2024] [mpm_winnt:notice] [pid 9432:tid 400] AH00456: Apache Lounge VS17 Server built: Oct 18 2023 13:03:18
[Sat May 11 19:57:25.889491 2024] [core:notice] [pid 9432:tid 400] AH00094: Command line: 'd:\\xampp\\apache\\bin\\httpd.exe -d D:/XAMPP/apache'
[Sat May 11 19:57:25.893064 2024] [mpm_winnt:notice] [pid 9432:tid 400] AH00418: Parent: Created child process 15556
[Sat May 11 19:57:26.153769 2024] [ssl:warn] [pid 15556:tid 352] AH01909: www.example.com:443:0 server certificate does NOT include an ID which matches the server name
[Sat May 11 19:57:26.179798 2024] [ssl:warn] [pid 15556:tid 352] AH01909: www.example.com:443:0 server certificate does NOT include an ID which matches the server name
[Sat May 11 19:57:26.198132 2024] [mpm_winnt:notice] [pid 15556:tid 352] AH00354: Child: Starting 150 worker threads.
[Sat May 11 20:49:11.218384 2024] [php:error] [pid 15556:tid 1892] [client ::1:62938] PHP Fatal error:  Uncaught Error: Call to undefined function file_get_content() in D:\\XAMPP\\htdocs\\elder\\admin_dashboard\\Log Monitor\\LogMonitor.php:72\nStack trace:\n#0 {main}\n  thrown in D:\\XAMPP\\htdocs\\elder\\admin_dashboard\\Log Monitor\\LogMonitor.php on line 72, referer: http://localhost/elder/admin_dashboard/Log%20Monitor/Log_Monitor_Main_Page.php
[Sat May 11 20:51:16.124607 2024] [php:warn] [pid 15556:tid 1896] [client ::1:63318] PHP Warning:  fopen(path/to/your/logfile.log): Failed to open stream: No such file or directory in D:\\XAMPP\\htdocs\\elder\\admin_dashboard\\Log Monitor\\LogMonitor.php on line 75, referer: http://localhost/elder/admin_dashboard/Log%20Monitor/Log_Monitor_Main_Page.php
[Sat May 11 20:51:16.126168 2024] [php:error] [pid 15556:tid 1896] [client ::1:63318] PHP Fatal error:  Uncaught TypeError: feof(): Argument #1 ($stream) must be of type resource, bool given in D:\\XAMPP\\htdocs\\elder\\admin_dashboard\\Log Monitor\\LogMonitor.php:78\nStack trace:\n#0 D:\\XAMPP\\htdocs\\elder\\admin_dashboard\\Log Monitor\\LogMonitor.php(78): feof(false)\n#1 {main}\n  thrown in D:\\XAMPP\\htdocs\\elder\\admin_dashboard\\Log Monitor\\LogMonitor.php on line 78, referer: http://localhost/elder/admin_dashboard/Log%20Monitor/Log_Monitor_Main_Page.php
[Sat May 11 20:51:45.081385 2024] [php:error] [pid 15556:tid 1892] [client ::1:63378] PHP Fatal error:  Uncaught TypeError: feof(): Argument #1 ($stream) must be of type resource, string given in D:\\XAMPP\\htdocs\\elder\\admin_dashboard\\Log Monitor\\LogMonitor.php:78\nStack trace:\n#0 D:\\XAMPP\\htdocs\\elder\\admin_dashboard\\Log Monitor\\LogMonitor.php(78): feof('-')\n#1 {main}\n  thrown in D:\\XAMPP\\htdocs\\elder\\admin_dashboard\\Log Monitor\\LogMonitor.php on line 78, referer: http://localhost/elder/admin_dashboard/Log%20Monitor/Log_Monitor_Main_Page.php